0 info it worked if it ends with ok
1 verbose cli [ '/usr/local/Cellar/node/5.2.0/bin/node',
1 verbose cli   '/usr/local/bin/npm',
1 verbose cli   'run',
1 verbose cli   'server' ]
2 info using npm@3.3.12
3 info using node@v5.2.0
4 verbose run-script [ 'preserver', 'server', 'postserver' ]
5 info lifecycle peterszerzo.com@0.1.0~preserver: peterszerzo.com@0.1.0
6 silly lifecycle peterszerzo.com@0.1.0~preserver: no script for preserver, continuing
7 info lifecycle peterszerzo.com@0.1.0~server: peterszerzo.com@0.1.0
8 verbose lifecycle peterszerzo.com@0.1.0~server: unsafe-perm in lifecycle true
9 verbose lifecycle peterszerzo.com@0.1.0~server: PATH: /usr/local/lib/node_modules/npm/bin/node-gyp-bin:/Users/peterszerzo/Documents/psz/projects/web/personal-website/peterszerzo-com/node_modules/.bin:/usr/local/heroku/bin:/Users/peterszerzo/.rvm/gems/ruby-2.1.1/bin:/Users/peterszerzo/.rvm/gems/ruby-2.1.1@global/bin:/Users/peterszerzo/.rvm/rubies/ruby-2.1.1/bin:/usr/local/bin:/usr/bin:/bin:/usr/sbin:/sbin:/Users/peterszerzo/.rvm/bin
10 verbose lifecycle peterszerzo.com@0.1.0~server: CWD: /Users/peterszerzo/Documents/psz/projects/web/personal-website/peterszerzo-com
11 silly lifecycle peterszerzo.com@0.1.0~server: Args: [ '-c', 'node app.js' ]
12 silly lifecycle peterszerzo.com@0.1.0~server: Returned: code: 1  signal: null
13 info lifecycle peterszerzo.com@0.1.0~server: Failed to exec server script
14 verbose stack Error: peterszerzo.com@0.1.0 server: `node app.js`
14 verbose stack Exit status 1
14 verbose stack     at EventEmitter.<anonymous> (/usr/local/lib/node_modules/npm/lib/utils/lifecycle.js:232:16)
14 verbose stack     at emitTwo (events.js:88:13)
14 verbose stack     at EventEmitter.emit (events.js:173:7)
14 verbose stack     at ChildProcess.<anonymous> (/usr/local/lib/node_modules/npm/lib/utils/spawn.js:24:14)
14 verbose stack     at emitTwo (events.js:88:13)
14 verbose stack     at ChildProcess.emit (events.js:173:7)
14 verbose stack     at maybeClose (internal/child_process.js:819:16)
14 verbose stack     at Process.ChildProcess._handle.onexit (internal/child_process.js:212:5)
15 verbose pkgid peterszerzo.com@0.1.0
16 verbose cwd /Users/peterszerzo/Documents/psz/projects/web/personal-website/peterszerzo-com
17 error Darwin 15.0.0
18 error argv "/usr/local/Cellar/node/5.2.0/bin/node" "/usr/local/bin/npm" "run" "server"
19 error node v5.2.0
20 error npm  v3.3.12
21 error code ELIFECYCLE
22 error peterszerzo.com@0.1.0 server: `node app.js`
22 error Exit status 1
23 error Failed at the peterszerzo.com@0.1.0 server script 'node app.js'.
23 error Make sure you have the latest version of node.js and npm installed.
23 error If you do, this is most likely a problem with the peterszerzo.com package,
23 error not with npm itself.
23 error Tell the author that this fails on your system:
23 error     node app.js
23 error You can get their info via:
23 error     npm owner ls peterszerzo.com
23 error There is likely additional logging output above.
24 verbose exit [ 1, true ]
